[I 2026-05-29 20:33:58,278] A new study created in memory with name: cvd_hpo
Starting Optuna HPO with 20 trials...
  0%|          | 0/20 [00:00<?, ?it/s]                                        0%|          | 0/20 [00:03<?, ?it/s]Best trial: 0. Best value: 0.7:   0%|          | 0/20 [00:03<?, ?it/s]Best trial: 0. Best value: 0.7:   5%|▌         | 1/20 [00:03<01:08,  3.62s/it]                                                                              Best trial: 0. Best value: 0.7:   5%|▌         | 1/20 [00:05<01:08,  3.62s/it]Best trial: 1. Best value: 0.8:   5%|▌         | 1/20 [00:05<01:08,  3.62s/it]Best trial: 1. Best value: 0.8:  10%|█         | 2/20 [00:05<00:42,  2.35s/it]                                                                              Best trial: 1. Best value: 0.8:  10%|█         | 2/20 [00:08<00:42,  2.35s/it]Best trial: 1. Best value: 0.8:  10%|█         | 2/20 [00:08<00:42,  2.35s/it]Best trial: 1. Best value: 0.8:  15%|█▌        | 3/20 [00:08<00:44,  2.62s/it]                                                                              Best trial: 1. Best value: 0.8:  15%|█▌        | 3/20 [00:10<00:44,  2.62s/it]Best trial: 1. Best value: 0.8:  15%|█▌        | 3/20 [00:10<00:44,  2.62s/it]Best trial: 1. Best value: 0.8:  20%|██        | 4/20 [00:10<00:41,  2.58s/it]                                                                              Best trial: 1. Best value: 0.8:  20%|██        | 4/20 [00:13<00:41,  2.58s/it]Best trial: 1. Best value: 0.8:  20%|██        | 4/20 [00:13<00:41,  2.58s/it]Best trial: 1. Best value: 0.8:  25%|██▌       | 5/20 [00:13<00:40,  2.70s/it]                                                                              Best trial: 1. Best value: 0.8:  25%|██▌       | 5/20 [00:15<00:40,  2.70s/it]Best trial: 1. Best value: 0.8:  25%|██▌       | 5/20 [00:15<00:40,  2.70s/it]Best trial: 1. Best value: 0.8:  30%|███       | 6/20 [00:15<00:35,  2.51s/it]                                                                              Best trial: 1. Best value: 0.8:  30%|███       | 6/20 [00:16<00:35,  2.51s/it]Best trial: 1. Best value: 0.8:  30%|███       | 6/20 [00:16<00:35,  2.51s/it]Best trial: 1. Best value: 0.8:  35%|███▌      | 7/20 [00:16<00:26,  2.07s/it]                                                                              Best trial: 1. Best value: 0.8:  35%|███▌      | 7/20 [00:19<00:26,  2.07s/it]Best trial: 1. Best value: 0.8:  35%|███▌      | 7/20 [00:19<00:26,  2.07s/it]Best trial: 1. Best value: 0.8:  40%|████      | 8/20 [00:19<00:26,  2.18s/it]                                                                              Best trial: 1. Best value: 0.8:  40%|████      | 8/20 [00:21<00:26,  2.18s/it]Best trial: 1. Best value: 0.8:  40%|████      | 8/20 [00:21<00:26,  2.18s/it]Best trial: 1. Best value: 0.8:  45%|████▌     | 9/20 [00:21<00:25,  2.29s/it]                                                                              Best trial: 1. Best value: 0.8:  45%|████▌     | 9/20 [00:24<00:25,  2.29s/it]Best trial: 1. Best value: 0.8:  45%|████▌     | 9/20 [00:24<00:25,  2.29s/it]Best trial: 1. Best value: 0.8:  50%|█████     | 10/20 [00:24<00:23,  2.33s/it]                                                                               Best trial: 1. Best value: 0.8:  50%|█████     | 10/20 [00:24<00:23,  2.33s/it]Best trial: 1. Best value: 0.8:  50%|█████     | 10/20 [00:24<00:23,  2.33s/it]Best trial: 1. Best value: 0.8:  55%|█████▌    | 11/20 [00:24<00:16,  1.82s/it]                                                                               Best trial: 1. Best value: 0.8:  55%|█████▌    | 11/20 [00:26<00:16,  1.82s/it]Best trial: 1. Best value: 0.8:  55%|█████▌    | 11/20 [00:26<00:16,  1.82s/it]Best trial: 1. Best value: 0.8:  60%|██████    | 12/20 [00:26<00:14,  1.78s/it]                                                                               Best trial: 1. Best value: 0.8:  60%|██████    | 12/20 [00:29<00:14,  1.78s/it]Best trial: 1. Best value: 0.8:  60%|██████    | 12/20 [00:29<00:14,  1.78s/it]Best trial: 1. Best value: 0.8:  65%|██████▌   | 13/20 [00:29<00:14,  2.01s/it]                                                                               Best trial: 1. Best value: 0.8:  65%|██████▌   | 13/20 [00:30<00:14,  2.01s/it]Best trial: 1. Best value: 0.8:  65%|██████▌   | 13/20 [00:30<00:14,  2.01s/it]Best trial: 1. Best value: 0.8:  70%|███████   | 14/20 [00:30<00:11,  1.90s/it]                                                                               Best trial: 1. Best value: 0.8:  70%|███████   | 14/20 [00:32<00:11,  1.90s/it]Best trial: 1. Best value: 0.8:  70%|███████   | 14/20 [00:32<00:11,  1.90s/it]Best trial: 1. Best value: 0.8:  75%|███████▌  | 15/20 [00:32<00:09,  1.84s/it]                                                                               Best trial: 1. Best value: 0.8:  75%|███████▌  | 15/20 [00:34<00:09,  1.84s/it]Best trial: 1. Best value: 0.8:  75%|███████▌  | 15/20 [00:34<00:09,  1.84s/it]Best trial: 1. Best value: 0.8:  80%|████████  | 16/20 [00:34<00:07,  1.88s/it]                                                                               Best trial: 1. Best value: 0.8:  80%|████████  | 16/20 [00:35<00:07,  1.88s/it]Best trial: 1. Best value: 0.8:  80%|████████  | 16/20 [00:35<00:07,  1.88s/it]Best trial: 1. Best value: 0.8:  85%|████████▌ | 17/20 [00:35<00:04,  1.58s/it]                                                                               Best trial: 1. Best value: 0.8:  85%|████████▌ | 17/20 [00:35<00:04,  1.58s/it]Best trial: 1. Best value: 0.8:  85%|████████▌ | 17/20 [00:35<00:04,  1.58s/it]Best trial: 1. Best value: 0.8:  90%|█████████ | 18/20 [00:35<00:02,  1.28s/it]                                                                               Best trial: 1. Best value: 0.8:  90%|█████████ | 18/20 [00:37<00:02,  1.28s/it]Best trial: 1. Best value: 0.8:  90%|█████████ | 18/20 [00:37<00:02,  1.28s/it]Best trial: 1. Best value: 0.8:  95%|█████████▌| 19/20 [00:37<00:01,  1.32s/it]                                                                               Best trial: 1. Best value: 0.8:  95%|█████████▌| 19/20 [00:39<00:01,  1.32s/it]Best trial: 1. Best value: 0.8:  95%|█████████▌| 19/20 [00:39<00:01,  1.32s/it]Best trial: 1. Best value: 0.8: 100%|██████████| 20/20 [00:39<00:00,  1.68s/it]Best trial: 1. Best value: 0.8: 100%|██████████| 20/20 [00:39<00:00,  1.99s/it]
[I 2026-05-29 20:34:01,911] Trial 0 finished with value: 0.7 and parameters: {'lr': 0.0005611516415334506, 'dropout': 0.4802857225639665, 'batch_size': 4, 'augment_prob': 0.15599452033620265, 'early_stopping_patience': 3}. Best is trial 0 with value: 0.7.
[I 2026-05-29 20:34:03,379] Trial 1 finished with value: 0.8 and parameters: {'lr': 0.005399484409787433, 'dropout': 0.34044600469728353, 'batch_size': 16, 'augment_prob': 0.8324426408004217, 'early_stopping_patience': 4}. Best is trial 1 with value: 0.8.
[I 2026-05-29 20:34:06,317] Trial 2 finished with value: 0.7 and parameters: {'lr': 0.0002310201887845295, 'dropout': 0.17336180394137352, 'batch_size': 8, 'augment_prob': 0.2912291401980419, 'early_stopping_patience': 7}. Best is trial 1 with value: 0.8.
[I 2026-05-29 20:34:08,824] Trial 3 finished with value: 0.7 and parameters: {'lr': 0.00019010245319870352, 'dropout': 0.21685785941408728, 'batch_size': 16, 'augment_prob': 0.19967378215835974, 'early_stopping_patience': 7}. Best is trial 1 with value: 0.8.
[I 2026-05-29 20:34:11,754] Trial 4 finished with value: 0.7 and parameters: {'lr': 0.0015304852121831463, 'dropout': 0.1185801650879991, 'batch_size': 4, 'augment_prob': 0.9488855372533332, 'early_stopping_patience': 10}. Best is trial 1 with value: 0.8.
[I 2026-05-29 20:34:13,891] Trial 5 finished with value: 0.7 and parameters: {'lr': 0.004138040112561018, 'dropout': 0.2218455076693483, 'batch_size': 8, 'augment_prob': 0.12203823484477883, 'early_stopping_patience': 6}. Best is trial 1 with value: 0.8.
[I 2026-05-29 20:34:15,063] Trial 6 finished with value: 0.5 and parameters: {'lr': 0.00011715937392307068, 'dropout': 0.4637281608315128, 'batch_size': 8, 'augment_prob': 0.5200680211778108, 'early_stopping_patience': 7}. Best is trial 1 with value: 0.8.
[I 2026-05-29 20:34:17,472] Trial 7 finished with value: 0.7 and parameters: {'lr': 0.00023426581058204064, 'dropout': 0.48783385110582345, 'batch_size': 8, 'augment_prob': 0.5978999788110851, 'early_stopping_patience': 10}. Best is trial 1 with value: 0.8.
[I 2026-05-29 20:34:20,005] Trial 8 finished with value: 0.6 and parameters: {'lr': 0.00015030900645056822, 'dropout': 0.1783931449676581, 'batch_size': 16, 'augment_prob': 0.2713490317738959, 'early_stopping_patience': 9}. Best is trial 1 with value: 0.8.
[I 2026-05-29 20:34:22,424] Trial 9 finished with value: 0.7 and parameters: {'lr': 0.0005170191786366995, 'dropout': 0.2123738038749523, 'batch_size': 16, 'augment_prob': 0.07455064367977082, 'early_stopping_patience': 10}. Best is trial 1 with value: 0.8.
[I 2026-05-29 20:34:23,097] Trial 10 finished with value: 0.5 and parameters: {'lr': 0.009071731730117346, 'dropout': 0.3621335442446747, 'batch_size': 16, 'augment_prob': 0.9322903419117874, 'early_stopping_patience': 3}. Best is trial 1 with value: 0.8.
[I 2026-05-29 20:34:24,784] Trial 11 finished with value: 0.7 and parameters: {'lr': 0.0010888342949600671, 'dropout': 0.3725985050770988, 'batch_size': 4, 'augment_prob': 0.7446608994507353, 'early_stopping_patience': 3}. Best is trial 1 with value: 0.8.
[I 2026-05-29 20:34:27,335] Trial 12 finished with value: 0.7 and parameters: {'lr': 0.002733762389478879, 'dropout': 0.40183455415875124, 'batch_size': 4, 'augment_prob': 0.7465951917375251, 'early_stopping_patience': 5}. Best is trial 1 with value: 0.8.
[I 2026-05-29 20:34:28,969] Trial 13 finished with value: 0.7 and parameters: {'lr': 0.0004484843113896717, 'dropout': 0.32738856674666456, 'batch_size': 4, 'augment_prob': 0.40115082302955857, 'early_stopping_patience': 4}. Best is trial 1 with value: 0.8.
[I 2026-05-29 20:34:30,680] Trial 14 finished with value: 0.5 and parameters: {'lr': 0.0005302702911975027, 'dropout': 0.2804544516104577, 'batch_size': 16, 'augment_prob': 0.7009054704482873, 'early_stopping_patience': 4}. Best is trial 1 with value: 0.8.
[I 2026-05-29 20:34:32,631] Trial 15 finished with value: 0.7 and parameters: {'lr': 0.009553721449428808, 'dropout': 0.4391793086637104, 'batch_size': 4, 'augment_prob': 0.3987394001587424, 'early_stopping_patience': 5}. Best is trial 1 with value: 0.8.
[I 2026-05-29 20:34:33,540] Trial 16 finished with value: 0.6 and parameters: {'lr': 0.0028961603572682073, 'dropout': 0.2807449745346149, 'batch_size': 4, 'augment_prob': 0.8390294280457059, 'early_stopping_patience': 4}. Best is trial 1 with value: 0.8.
[I 2026-05-29 20:34:34,120] Trial 17 finished with value: 0.5 and parameters: {'lr': 0.0008511418480007525, 'dropout': 0.41712866058883535, 'batch_size': 16, 'augment_prob': 0.57870558739977, 'early_stopping_patience': 3}. Best is trial 1 with value: 0.8.
[I 2026-05-29 20:34:35,520] Trial 18 finished with value: 0.7 and parameters: {'lr': 0.0018288104180760958, 'dropout': 0.4915404112964121, 'batch_size': 16, 'augment_prob': 0.39998069938371494, 'early_stopping_patience': 5}. Best is trial 1 with value: 0.8.
[I 2026-05-29 20:34:38,027] Trial 19 finished with value: 0.7 and parameters: {'lr': 0.005185399960266264, 'dropout': 0.32646304368867557, 'batch_size': 4, 'augment_prob': 0.010989189243771236, 'early_stopping_patience': 6}. Best is trial 1 with value: 0.8.

================================================================================
OPTIMIZATION COMPLETE
================================================================================

Best Validation Accuracy: 0.8000

Best Hyperparameters:
  lr                        = 0.005399484409787433
  dropout                   = 0.34044600469728353
  batch_size                = 16
  augment_prob              = 0.8324426408004217
  early_stopping_patience   = 4

Results saved to results/optuna/
  - best_params.json
  - trials_history.csv
